[13-Mar-2025 23:52:53 UTC] PHP Fatal error:  Out of memory (allocated 41943040) (tried to allocate 126976 bytes) in /workspaces/UX308-Lab-6/.wordpress/wp-includes/script-loader.php on line 2923
[13-Mar-2025 23:53:01 UTC] PHP Fatal error:  Out of memory (allocated 37748736) (tried to allocate 2097152 bytes) in /workspaces/UX308-Lab-6/.wordpress/wp-content/plugins/ecommerce-product-catalog/functions/functions.php on line 1833
[13-Mar-2025 23:53:03 UTC] PHP Fatal error:  Out of memory (allocated 33554432) (tried to allocate 2097152 bytes) in /workspaces/UX308-Lab-6/.wordpress/wp-content/plugins/ecommerce-product-catalog/functions/functions.php on line 1824
[13-Mar-2025 23:53:06 UTC] PHP Fatal error:  Out of memory (allocated 31457280) (tried to allocate 2097152 bytes) in /workspaces/UX308-Lab-6/.wordpress/wp-content/plugins/ecommerce-product-catalog/ext-comp/index.php on line 81
[13-Mar-2025 23:53:08 UTC] PHP Fatal error:  Out of memory (allocated 29360128) (tried to allocate 2097152 bytes) in /workspaces/UX308-Lab-6/.wordpress/wp-content/plugins/ecommerce-product-catalog/ext-comp/index.php on line 81
[13-Mar-2025 23:53:17 UTC] PHP Fatal error:  Out of memory (allocated 31457280) (tried to allocate 188416 bytes) in /workspaces/UX308-Lab-6/.wordpress/wp-includes/blocks/index.php on line 46
[13-Mar-2025 23:53:17 UTC] PHP Fatal error:  Out of memory (allocated 31457280) (tried to allocate 32768 bytes) in /workspaces/UX308-Lab-6/.wordpress/wp-admin/includes/plugin.php on line 1550
[13-Mar-2025 23:53:34 UTC] PHP Fatal error:  Out of memory (allocated 31457280) (tried to allocate 188416 bytes) in /workspaces/UX308-Lab-6/.wordpress/wp-includes/blocks/index.php on line 46
[13-Mar-2025 23:53:34 UTC] PHP Fatal error:  Out of memory (allocated 31457280) (tried to allocate 32768 bytes) in /workspaces/UX308-Lab-6/.wordpress/wp-admin/includes/plugin.php on line 1550
[13-Mar-2025 23:54:06 UTC] PHP Fatal error:  Out of memory (allocated 31457280) (tried to allocate 188416 bytes) in /workspaces/UX308-Lab-6/.wordpress/wp-includes/blocks/index.php on line 46
[13-Mar-2025 23:54:06 UTC] PHP Fatal error:  Out of memory (allocated 31457280) (tried to allocate 32768 bytes) in /workspaces/UX308-Lab-6/.wordpress/wp-admin/includes/plugin.php on line 1550
[14-Mar-2025 00:30:55 UTC] PHP Fatal error:  Out of memory (allocated 35651584) (tried to allocate 2097152 bytes) in /workspaces/UX308-Lab-6/.wordpress/wp-content/plugins/ecommerce-product-catalog/modules/price/price-settings.php on line 22
[14-Mar-2025 00:31:30 UTC] PHP Fatal error:  Out of memory (allocated 31457280) (tried to allocate 2097152 bytes) in /workspaces/UX308-Lab-6/.wordpress/wp-content/plugins/ecommerce-product-catalog/modules/price/price-settings.php on line 22
[14-Mar-2025 00:32:19 UTC] PHP Fatal error:  Out of memory (allocated 29360128) (tried to allocate 2097152 bytes) in /workspaces/UX308-Lab-6/.wordpress/wp-content/plugins/ecommerce-product-catalog/modules/price/price-settings.php on line 22
[14-Mar-2025 00:32:22 UTC] PHP Fatal error:  Out of memory (allocated 29360128) (tried to allocate 2097152 bytes) in /workspaces/UX308-Lab-6/.wordpress/wp-content/plugins/ecommerce-product-catalog/modules/price/price-settings.php on line 21
[14-Mar-2025 00:32:32 UTC] PHP Fatal error:  Out of memory (allocated 29360128) (tried to allocate 2097152 bytes) in /workspaces/UX308-Lab-6/.wordpress/wp-content/plugins/ecommerce-product-catalog/modules/price/price-settings.php on line 22
[28-Mar-2025 00:50:43 UTC] PHP Fatal error:  Out of memory (allocated 35651584) (tried to allocate 2097152 bytes) in /workspaces/UX308-Asig-3/.wordpress/wp-content/plugins/ecommerce-product-catalog/functions/functions.php on line 355
[28-Mar-2025 00:50:43 UTC] PHP Fatal error:  Uncaught Error: Call to undefined function ic_products_count() in /workspaces/UX308-Asig-3/.wordpress/wp-content/plugins/ecommerce-product-catalog/includes/tracking.php:117
Stack trace:
#0 /workspaces/UX308-Asig-3/.wordpress/wp-content/plugins/ecommerce-product-catalog/includes/tracking.php(551): IC_EPC_Tracking->setup_data()
#1 /workspaces/UX308-Asig-3/.wordpress/wp-content/plugins/ecommerce-product-catalog/includes/tracking.php(481): IC_EPC_Tracking->send_paused_checkin(Array, true)
#2 [internal function]: IC_EPC_Tracking->fatal()
#3 {main}
  thrown in /workspaces/UX308-Asig-3/.wordpress/wp-content/plugins/ecommerce-product-catalog/includes/tracking.php on line 117
[28-Mar-2025 00:51:03 UTC] PHP Fatal error:  Out of memory (allocated 33554432) (tried to allocate 2097152 bytes) in /workspaces/UX308-Asig-3/.wordpress/wp-content/plugins/ecommerce-product-catalog/modules/price/price-settings.php on line 22
[28-Mar-2025 01:09:53 UTC] PHP Fatal error:  Out of memory (allocated 31457280) (tried to allocate 2097152 bytes) in /workspaces/UX308-Asig-3/.wordpress/wp-content/plugins/ecommerce-product-catalog/modules/price/price-settings.php on line 22
[04-Apr-2025 00:04:30 UTC] PHP Warning:  Undefined variable $parent_theme_name in /workspaces/UX308-Asig-3/.wordpress/wp-content/mu-plugins/one-click-child-theme/templates/create_child_form.php on line 18
